<?xml version="1.0" encoding="UTF-8"?>
<coverage generated="1776292889435" clover="3.2.0">
  <project timestamp="1776292889435" name="All files">
    <metrics statements="145" coveredstatements="122" conditionals="150" coveredconditionals="100" methods="67" coveredmethods="49" elements="362" coveredelements="271" complexity="0" loc="145" ncloc="145" packages="3" files="4" classes="4"/>
    <package name="components">
      <metrics statements="28" coveredstatements="25" conditionals="18" coveredconditionals="11" methods="19" coveredmethods="15"/>
      <file name="Navbar.jsx" path="C:\Users\Feras Keyin\OneDrive\Desktop\Keyin\Semester 2\Final Sprint 2026 - Feras Zen - Sam Higdon - Darrell Declaro - Logan Marsh\client\src\components\Navbar.jsx">
        <metrics statements="7" coveredstatements="7" conditionals="10" coveredconditionals="5" methods="6" coveredmethods="6"/>
        <line num="6" count="16" type="stmt"/>
        <line num="8" count="16" type="stmt"/>
        <line num="28" count="16" type="cond" truecount="1" falsecount="1"/>
        <line num="37" count="16" type="cond" truecount="1" falsecount="1"/>
        <line num="46" count="16" type="cond" truecount="1" falsecount="1"/>
        <line num="55" count="16" type="cond" truecount="1" falsecount="1"/>
        <line num="64" count="16" type="cond" truecount="1" falsecount="1"/>
      </file>
      <file name="ProductCard.jsx" path="C:\Users\Feras Keyin\OneDrive\Desktop\Keyin\Semester 2\Final Sprint 2026 - Feras Zen - Sam Higdon - Darrell Declaro - Logan Marsh\client\src\components\ProductCard.jsx">
        <metrics statements="21" coveredstatements="18" conditionals="8" coveredconditionals="6" methods="13" coveredmethods="9"/>
        <line num="6" count="1" type="stmt"/>
        <line num="15" count="8" type="stmt"/>
        <line num="18" count="8" type="stmt"/>
        <line num="21" count="8" type="cond" truecount="1" falsecount="1"/>
        <line num="25" count="1" type="stmt"/>
        <line num="26" count="1" type="cond" truecount="1" falsecount="1"/>
        <line num="27" count="0" type="stmt"/>
        <line num="33" count="8" type="stmt"/>
        <line num="34" count="1" type="stmt"/>
        <line num="39" count="8" type="stmt"/>
        <line num="43" count="1" type="stmt"/>
        <line num="50" count="0" type="stmt"/>
        <line num="57" count="1" type="stmt"/>
        <line num="60" count="1" type="stmt"/>
        <line num="63" count="8" type="stmt"/>
        <line num="70" count="0" type="stmt"/>
        <line num="80" count="32" type="stmt"/>
        <line num="81" count="4" type="stmt"/>
        <line num="84" count="32" type="stmt"/>
        <line num="89" count="1" type="stmt"/>
        <line num="102" count="1" type="stmt"/>
      </file>
    </package>
    <package name="context">
      <metrics statements="36" coveredstatements="32" conditionals="45" coveredconditionals="28" methods="23" coveredmethods="20"/>
      <file name="CartContext.jsx" path="C:\Users\Feras Keyin\OneDrive\Desktop\Keyin\Semester 2\Final Sprint 2026 - Feras Zen - Sam Higdon - Darrell Declaro - Logan Marsh\client\src\context\CartContext.jsx">
        <metrics statements="36" coveredstatements="32" conditionals="45" coveredconditionals="28" methods="23" coveredmethods="20"/>
        <line num="4" count="4" type="stmt"/>
        <line num="8" count="14" type="stmt"/>
        <line num="9" count="0" type="stmt"/>
        <line num="14" count="0" type="stmt"/>
        <line num="19" count="4" type="stmt"/>
        <line num="20" count="4" type="stmt"/>
        <line num="22" count="4" type="cond" truecount="1" falsecount="1"/>
        <line num="24" count="4" type="stmt"/>
        <line num="25" count="0" type="stmt"/>
        <line num="27" count="0" type="stmt"/>
        <line num="36" count="28" type="stmt"/>
        <line num="37" count="18" type="stmt"/>
        <line num="38" count="18" type="cond" truecount="2" falsecount="0"/>
        <line num="42" count="28" type="stmt"/>
        <line num="43" count="28" type="stmt"/>
        <line num="49" count="7" type="stmt"/>
        <line num="50" count="7" type="stmt"/>
        <line num="52" count="1" type="cond" truecount="2" falsecount="0"/>
        <line num="56" count="7" type="cond" truecount="2" falsecount="0"/>
        <line num="57" count="1" type="stmt"/>
        <line num="58" count="1" type="cond" truecount="3" falsecount="1"/>
        <line num="65" count="6" type="stmt"/>
        <line num="82" count="1" type="stmt"/>
        <line num="83" count="1" type="stmt"/>
        <line num="85" count="1" type="cond" truecount="3" falsecount="1"/>
        <line num="90" count="1" type="stmt"/>
        <line num="96" count="1" type="stmt"/>
        <line num="97" count="1" type="stmt"/>
        <line num="99" count="1" type="stmt"/>
        <line num="109" count="1" type="stmt"/>
        <line num="113" count="28" type="stmt"/>
        <line num="114" count="7" type="stmt"/>
        <line num="119" count="28" type="stmt"/>
        <line num="120" count="7" type="stmt"/>
        <line num="124" count="28" type="stmt"/>
        <line num="143" count="50" type="stmt"/>
      </file>
    </package>
    <package name="pages">
      <metrics statements="81" coveredstatements="65" conditionals="87" coveredconditionals="61" methods="25" coveredmethods="14"/>
      <file name="ProductDetails.jsx" path="C:\Users\Feras Keyin\OneDrive\Desktop\Keyin\Semester 2\Final Sprint 2026 - Feras Zen - Sam Higdon - Darrell Declaro - Logan Marsh\client\src\pages\ProductDetails.jsx">
        <metrics statements="81" coveredstatements="65" conditionals="87" coveredconditionals="61" methods="25" coveredmethods="14"/>
        <line num="7" count="1" type="stmt"/>
        <line num="16" count="14" type="stmt"/>
        <line num="19" count="14" type="stmt"/>
        <line num="22" count="14" type="stmt"/>
        <line num="25" count="14" type="stmt"/>
        <line num="28" count="14" type="stmt"/>
        <line num="31" count="14" type="stmt"/>
        <line num="34" count="14" type="stmt"/>
        <line num="35" count="14" type="stmt"/>
        <line num="38" count="14" type="stmt"/>
        <line num="41" count="14" type="stmt"/>
        <line num="43" count="6" type="stmt"/>
        <line num="44" count="6" type="stmt"/>
        <line num="45" count="6" type="stmt"/>
        <line num="46" count="6" type="stmt"/>
        <line num="48" count="6" type="stmt"/>
        <line num="50" count="6" type="cond" truecount="1" falsecount="1"/>
        <line num="51" count="0" type="stmt"/>
        <line num="54" count="6" type="stmt"/>
        <line num="55" count="6" type="stmt"/>
        <line num="57" count="0" type="stmt"/>
        <line num="58" count="0" type="stmt"/>
        <line num="60" count="6" type="stmt"/>
        <line num="64" count="6" type="stmt"/>
        <line num="69" count="1" type="stmt"/>
        <line num="70" count="1" type="cond" truecount="1" falsecount="1"/>
        <line num="71" count="0" type="stmt"/>
        <line num="77" count="14" type="stmt"/>
        <line num="78" count="1" type="stmt"/>
        <line num="83" count="14" type="cond" truecount="2" falsecount="0"/>
        <line num="86" count="14" type="cond" truecount="2" falsecount="0"/>
        <line num="90" count="14" type="stmt"/>
        <line num="91" count="7" type="stmt"/>
        <line num="92" count="1" type="cond" truecount="1" falsecount="1"/>
        <line num="99" count="14" type="stmt"/>
        <line num="101" count="14" type="stmt"/>
        <line num="102" count="14" type="cond" truecount="2" falsecount="0"/>
        <line num="103" count="14" type="cond" truecount="2" falsecount="0"/>
        <line num="104" count="14" type="cond" truecount="2" falsecount="0"/>
        <line num="105" count="14" type="cond" truecount="2" falsecount="0"/>
        <line num="107" count="14" type="stmt"/>
        <line num="108" count="14" type="stmt"/>
        <line num="110" count="14" type="cond" truecount="2" falsecount="0"/>
        <line num="111" count="6" type="stmt"/>
        <line num="112" count="6" type="stmt"/>
        <line num="113" count="8" type="cond" truecount="1" falsecount="1"/>
        <line num="114" count="0" type="stmt"/>
        <line num="115" count="0" type="stmt"/>
        <line num="116" count="8" type="cond" truecount="1" falsecount="1"/>
        <line num="117" count="0" type="stmt"/>
        <line num="118" count="0" type="stmt"/>
        <line num="122" count="14" type="stmt"/>
        <line num="125" count="14" type="stmt"/>
        <line num="126" count="13" type="cond" truecount="2" falsecount="0"/>
        <line num="127" count="6" type="stmt"/>
        <line num="128" count="6" type="stmt"/>
        <line num="131" count="7" type="cond" truecount="1" falsecount="1"/>
        <line num="132" count="0" type="stmt"/>
        <line num="138" count="0" type="cond" truecount="0" falsecount="2"/>
        <line num="143" count="0" type="cond" truecount="0" falsecount="2"/>
        <line num="148" count="1" type="cond" truecount="3" falsecount="1"/>
        <line num="150" count="1" type="stmt"/>
        <line num="157" count="0" type="stmt"/>
        <line num="164" count="1" type="stmt"/>
        <line num="165" count="1" type="stmt"/>
        <line num="169" count="1" type="cond" truecount="1" falsecount="1"/>
        <line num="171" count="1" type="stmt"/>
        <line num="175" count="1" type="stmt"/>
        <line num="176" count="1" type="stmt"/>
        <line num="178" count="1" type="stmt"/>
        <line num="179" count="1" type="stmt"/>
        <line num="180" count="0" type="stmt"/>
        <line num="184" count="14" type="stmt"/>
        <line num="215" count="0" type="stmt"/>
        <line num="259" count="32" type="stmt"/>
        <line num="260" count="4" type="stmt"/>
        <line num="263" count="32" type="stmt"/>
        <line num="268" count="1" type="stmt"/>
        <line num="288" count="1" type="stmt"/>
        <line num="452" count="0" type="stmt"/>
        <line num="475" count="0" type="stmt"/>
      </file>
    </package>
  </project>
</coverage>
