{"C:\\Users\\Feras Keyin\\OneDrive\\Desktop\\Keyin\\Semester 2\\Final Sprint 2026 - Feras Zen - Sam Higdon - Darrell Declaro - Logan Marsh\\client\\src\\components\\Navbar.jsx": {"path":"C:\\Users\\Feras Keyin\\OneDrive\\Desktop\\Keyin\\Semester 2\\Final Sprint 2026 - Feras Zen - Sam Higdon - Darrell Declaro - Logan Marsh\\client\\src\\components\\Navbar.jsx","statementMap":{"0":{"start":{"line":6,"column":10},"end":{"line":6,"column":34}},"1":{"start":{"line":8,"column":2},"end":{"line":79,"column":null}},"2":{"start":{"line":28,"column":46},"end":{"line":28,"column":null}},"3":{"start":{"line":37,"column":46},"end":{"line":37,"column":null}},"4":{"start":{"line":46,"column":46},"end":{"line":46,"column":null}},"5":{"start":{"line":55,"column":46},"end":{"line":55,"column":null}},"6":{"start":{"line":64,"column":46},"end":{"line":64,"column":null}}},"fnMap":{"0":{"name":"Navbar","decl":{"start":{"line":4,"column":9},"end":{"line":4,"column":18}},"loc":{"start":{"line":4,"column":18},"end":{"line":79,"column":null}},"line":4},"1":{"name":"(anonymous_1)","decl":{"start":{"line":28,"column":16},"end":{"line":28,"column":28}},"loc":{"start":{"line":28,"column":46},"end":{"line":28,"column":null}},"line":28},"2":{"name":"(anonymous_2)","decl":{"start":{"line":37,"column":16},"end":{"line":37,"column":28}},"loc":{"start":{"line":37,"column":46},"end":{"line":37,"column":null}},"line":37},"3":{"name":"(anonymous_3)","decl":{"start":{"line":46,"column":16},"end":{"line":46,"column":28}},"loc":{"start":{"line":46,"column":46},"end":{"line":46,"column":null}},"line":46},"4":{"name":"(anonymous_4)","decl":{"start":{"line":55,"column":16},"end":{"line":55,"column":28}},"loc":{"start":{"line":55,"column":46},"end":{"line":55,"column":null}},"line":55},"5":{"name":"(anonymous_5)","decl":{"start":{"line":64,"column":16},"end":{"line":64,"column":28}},"loc":{"start":{"line":64,"column":46},"end":{"line":64,"column":null}},"line":64}},"branchMap":{"0":{"loc":{"start":{"line":28,"column":46},"end":{"line":28,"column":null}},"type":"cond-expr","locations":[{"start":{"line":28,"column":57},"end":{"line":28,"column":68}},{"start":{"line":28,"column":68},"end":{"line":28,"column":null}}],"line":28},"1":{"loc":{"start":{"line":37,"column":46},"end":{"line":37,"column":null}},"type":"cond-expr","locations":[{"start":{"line":37,"column":57},"end":{"line":37,"column":68}},{"start":{"line":37,"column":68},"end":{"line":37,"column":null}}],"line":37},"2":{"loc":{"start":{"line":46,"column":46},"end":{"line":46,"column":null}},"type":"cond-expr","locations":[{"start":{"line":46,"column":57},"end":{"line":46,"column":68}},{"start":{"line":46,"column":68},"end":{"line":46,"column":null}}],"line":46},"3":{"loc":{"start":{"line":55,"column":46},"end":{"line":55,"column":null}},"type":"cond-expr","locations":[{"start":{"line":55,"column":57},"end":{"line":55,"column":68}},{"start":{"line":55,"column":68},"end":{"line":55,"column":null}}],"line":55},"4":{"loc":{"start":{"line":64,"column":46},"end":{"line":64,"column":null}},"type":"cond-expr","locations":[{"start":{"line":64,"column":57},"end":{"line":64,"column":68}},{"start":{"line":64,"column":68},"end":{"line":64,"column":null}}],"line":64}},"s":{"0":16,"1":16,"2":16,"3":16,"4":16,"5":16,"6":16},"f":{"0":16,"1":16,"2":16,"3":16,"4":16,"5":16},"b":{"0":[16,0],"1":[0,16],"2":[0,16],"3":[0,16],"4":[0,16]},"meta":{"lastBranch":5,"lastFunction":6,"lastStatement":7,"seen":{"f:4:9:4:18":0,"s:6:10:6:34":0,"s:8:2:79:Infinity":1,"f:28:16:28:28":1,"s:28:46:28:Infinity":2,"b:28:57:28:68:28:68:28:Infinity":0,"f:37:16:37:28":2,"s:37:46:37:Infinity":3,"b:37:57:37:68:37:68:37:Infinity":1,"f:46:16:46:28":3,"s:46:46:46:Infinity":4,"b:46:57:46:68:46:68:46:Infinity":2,"f:55:16:55:28":4,"s:55:46:55:Infinity":5,"b:55:57:55:68:55:68:55:Infinity":3,"f:64:16:64:28":5,"s:64:46:64:Infinity":6,"b:64:57:64:68:64:68:64:Infinity":4}}}
,"C:\\Users\\Feras Keyin\\OneDrive\\Desktop\\Keyin\\Semester 2\\Final Sprint 2026 - Feras Zen - Sam Higdon - Darrell Declaro - Logan Marsh\\client\\src\\components\\ProductCard.jsx": {"path":"C:\\Users\\Feras Keyin\\OneDrive\\Desktop\\Keyin\\Semester 2\\Final Sprint 2026 - Feras Zen - Sam Higdon - Darrell Declaro - Logan Marsh\\client\\src\\components\\ProductCard.jsx","statementMap":{"0":{"start":{"line":6,"column":19},"end":{"line":11,"column":null}},"1":{"start":{"line":15,"column":10},"end":{"line":15,"column":33}},"2":{"start":{"line":18,"column":25},"end":{"line":18,"column":58}},"3":{"start":{"line":21,"column":2},"end":{"line":21,"column":null}},"4":{"start":{"line":21,"column":16},"end":{"line":21,"column":null}},"5":{"start":{"line":25,"column":4},"end":{"line":29,"column":null}},"6":{"start":{"line":26,"column":6},"end":{"line":28,"column":26}},"7":{"start":{"line":26,"column":26},"end":{"line":26,"column":51}},"8":{"start":{"line":27,"column":32},"end":{"line":27,"column":57}},"9":{"start":{"line":33,"column":22},"end":{"line":35,"column":null}},"10":{"start":{"line":34,"column":20},"end":{"line":34,"column":45}},"11":{"start":{"line":39,"column":21},"end":{"line":39,"column":null}},"12":{"start":{"line":43,"column":22},"end":{"line":55,"column":null}},"13":{"start":{"line":50,"column":45},"end":{"line":54,"column":null}},"14":{"start":{"line":57,"column":4},"end":{"line":57,"column":null}},"15":{"start":{"line":60,"column":4},"end":{"line":60,"column":null}},"16":{"start":{"line":63,"column":2},"end":{"line":138,"column":null}},"17":{"start":{"line":70,"column":10},"end":{"line":70,"column":null}},"18":{"start":{"line":80,"column":29},"end":{"line":81,"column":null}},"19":{"start":{"line":81,"column":22},"end":{"line":81,"column":null}},"20":{"start":{"line":84,"column":10},"end":{"line":93,"column":null}},"21":{"start":{"line":89,"column":29},"end":{"line":89,"column":47}},"22":{"start":{"line":102,"column":12},"end":{"line":104,"column":null}}},"fnMap":{"0":{"name":"ProductCard","decl":{"start":{"line":13,"column":9},"end":{"line":13,"column":21}},"loc":{"start":{"line":13,"column":34},"end":{"line":138,"column":null}},"line":13},"1":{"name":"toggleExtra","decl":{"start":{"line":24,"column":11},"end":{"line":24,"column":23}},"loc":{"start":{"line":24,"column":30},"end":{"line":29,"column":null}},"line":24},"2":{"name":"(anonymous_2)","decl":{"start":{"line":25,"column":4},"end":{"line":25,"column":23}},"loc":{"start":{"line":26,"column":6},"end":{"line":28,"column":26}},"line":26},"3":{"name":"(anonymous_3)","decl":{"start":{"line":26,"column":11},"end":{"line":26,"column":17}},"loc":{"start":{"line":26,"column":26},"end":{"line":26,"column":51}},"line":26},"4":{"name":"(anonymous_4)","decl":{"start":{"line":27,"column":15},"end":{"line":27,"column":23}},"loc":{"start":{"line":27,"column":32},"end":{"line":27,"column":57}},"line":27},"5":{"name":"(anonymous_5)","decl":{"start":{"line":33,"column":37},"end":{"line":33,"column":null}},"loc":{"start":{"line":34,"column":20},"end":{"line":34,"column":45}},"line":34},"6":{"name":"handleAddToCart","decl":{"start":{"line":42,"column":11},"end":{"line":42,"column":29}},"loc":{"start":{"line":42,"column":29},"end":{"line":60,"column":null}},"line":42},"7":{"name":"(anonymous_7)","decl":{"start":{"line":50,"column":29},"end":{"line":50,"column":34}},"loc":{"start":{"line":50,"column":45},"end":{"line":54,"column":null}},"line":50},"8":{"name":"(anonymous_8)","decl":{"start":{"line":69,"column":8},"end":{"line":69,"column":18}},"loc":{"start":{"line":69,"column":24},"end":{"line":70,"column":null}},"line":69},"9":{"name":"(anonymous_9)","decl":{"start":{"line":79,"column":20},"end":{"line":79,"column":25}},"loc":{"start":{"line":79,"column":35},"end":{"line":93,"column":null}},"line":79},"10":{"name":"(anonymous_10)","decl":{"start":{"line":80,"column":44},"end":{"line":80,"column":null}},"loc":{"start":{"line":81,"column":22},"end":{"line":81,"column":null}},"line":81},"11":{"name":"(anonymous_11)","decl":{"start":{"line":89,"column":14},"end":{"line":89,"column":29}},"loc":{"start":{"line":89,"column":29},"end":{"line":89,"column":47}},"line":89},"12":{"name":"(anonymous_12)","decl":{"start":{"line":101,"column":26},"end":{"line":101,"column":31}},"loc":{"start":{"line":102,"column":12},"end":{"line":104,"column":null}},"line":102}},"branchMap":{"0":{"loc":{"start":{"line":21,"column":2},"end":{"line":21,"column":null}},"type":"if","locations":[{"start":{"line":21,"column":2},"end":{"line":21,"column":null}},{"start":{},"end":{}}],"line":21},"1":{"loc":{"start":{"line":26,"column":6},"end":{"line":28,"column":26}},"type":"cond-expr","locations":[{"start":{"line":27,"column":10},"end":{"line":27,"column":57}},{"start":{"line":28,"column":10},"end":{"line":28,"column":26}}],"line":26},"2":{"loc":{"start":{"line":88,"column":38},"end":{"line":88,"column":null}},"type":"cond-expr","locations":[{"start":{"line":88,"column":51},"end":{"line":88,"column":62}},{"start":{"line":88,"column":62},"end":{"line":88,"column":null}}],"line":88},"3":{"loc":{"start":{"line":99,"column":7},"end":{"line":106,"column":null}},"type":"binary-expr","locations":[{"start":{"line":99,"column":7},"end":{"line":99,"column":null}},{"start":{"line":100,"column":8},"end":{"line":106,"column":null}}],"line":99}},"s":{"0":1,"1":8,"2":8,"3":8,"4":0,"5":1,"6":1,"7":0,"8":0,"9":8,"10":1,"11":8,"12":1,"13":0,"14":1,"15":1,"16":8,"17":0,"18":32,"19":4,"20":32,"21":1,"22":1},"f":{"0":8,"1":1,"2":1,"3":0,"4":0,"5":1,"6":1,"7":0,"8":0,"9":32,"10":4,"11":1,"12":1},"b":{"0":[0,8],"1":[0,1],"2":[1,31],"3":[8,1]},"meta":{"lastBranch":4,"lastFunction":13,"lastStatement":23,"seen":{"s:6:19:11:Infinity":0,"f:13:9:13:21":0,"s:15:10:15:33":1,"s:18:25:18:58":2,"b:21:2:21:Infinity:undefined:undefined:undefined:undefined":0,"s:21:2:21:Infinity":3,"s:21:16:21:Infinity":4,"f:24:11:24:23":1,"s:25:4:29:Infinity":5,"f:25:4:25:23":2,"s:26:6:28:26":6,"b:27:10:27:57:28:10:28:26":1,"f:26:11:26:17":3,"s:26:26:26:51":7,"f:27:15:27:23":4,"s:27:32:27:57":8,"s:33:22:35:Infinity":9,"f:33:37:33:Infinity":5,"s:34:20:34:45":10,"s:39:21:39:Infinity":11,"f:42:11:42:29":6,"s:43:22:55:Infinity":12,"f:50:29:50:34":7,"s:50:45:54:Infinity":13,"s:57:4:57:Infinity":14,"s:60:4:60:Infinity":15,"s:63:2:138:Infinity":16,"f:69:8:69:18":8,"s:70:10:70:Infinity":17,"f:79:20:79:25":9,"s:80:29:81:Infinity":18,"f:80:44:80:Infinity":10,"s:81:22:81:Infinity":19,"s:84:10:93:Infinity":20,"b:88:51:88:62:88:62:88:Infinity":2,"f:89:14:89:29":11,"s:89:29:89:47":21,"b:99:7:99:Infinity:100:8:106:Infinity":3,"f:101:26:101:31":12,"s:102:12:104:Infinity":22}}}
,"C:\\Users\\Feras Keyin\\OneDrive\\Desktop\\Keyin\\Semester 2\\Final Sprint 2026 - Feras Zen - Sam Higdon - Darrell Declaro - Logan Marsh\\client\\src\\context\\CartContext.jsx": {"path":"C:\\Users\\Feras Keyin\\OneDrive\\Desktop\\Keyin\\Semester 2\\Final Sprint 2026 - Feras Zen - Sam Higdon - Darrell Declaro - Logan Marsh\\client\\src\\context\\CartContext.jsx","statementMap":{"0":{"start":{"line":4,"column":6},"end":{"line":4,"column":35}},"1":{"start":{"line":8,"column":2},"end":{"line":14,"column":null}},"2":{"start":{"line":9,"column":21},"end":{"line":13,"column":7}},"3":{"start":{"line":14,"column":20},"end":{"line":14,"column":48}},"4":{"start":{"line":19,"column":22},"end":{"line":19,"column":46}},"5":{"start":{"line":20,"column":22},"end":{"line":20,"column":46}},"6":{"start":{"line":22,"column":2},"end":{"line":22,"column":null}},"7":{"start":{"line":22,"column":49},"end":{"line":22,"column":null}},"8":{"start":{"line":24,"column":2},"end":{"line":31,"column":null}},"9":{"start":{"line":25,"column":18},"end":{"line":25,"column":null}},"10":{"start":{"line":27,"column":4},"end":{"line":29,"column":null}},"11":{"start":{"line":36,"column":20},"end":{"line":39,"column":null}},"12":{"start":{"line":37,"column":22},"end":{"line":37,"column":55}},"13":{"start":{"line":38,"column":4},"end":{"line":38,"column":null}},"14":{"start":{"line":42,"column":2},"end":{"line":44,"column":null}},"15":{"start":{"line":43,"column":4},"end":{"line":43,"column":null}},"16":{"start":{"line":49,"column":4},"end":{"line":76,"column":null}},"17":{"start":{"line":50,"column":27},"end":{"line":53,"column":null}},"18":{"start":{"line":52,"column":10},"end":{"line":53,"column":65}},"19":{"start":{"line":56,"column":6},"end":{"line":62,"column":null}},"20":{"start":{"line":57,"column":8},"end":{"line":62,"column":null}},"21":{"start":{"line":58,"column":10},"end":{"line":61,"column":null}},"22":{"start":{"line":65,"column":6},"end":{"line":75,"column":null}},"23":{"start":{"line":82,"column":4},"end":{"line":91,"column":null}},"24":{"start":{"line":83,"column":6},"end":{"line":90,"column":52}},"25":{"start":{"line":85,"column":10},"end":{"line":88,"column":null}},"26":{"start":{"line":90,"column":26},"end":{"line":90,"column":52}},"27":{"start":{"line":96,"column":4},"end":{"line":104,"column":null}},"28":{"start":{"line":97,"column":6},"end":{"line":101,"column":null}},"29":{"start":{"line":99,"column":10},"end":{"line":101,"column":null}},"30":{"start":{"line":109,"column":4},"end":{"line":109,"column":null}},"31":{"start":{"line":113,"column":21},"end":{"line":115,"column":null}},"32":{"start":{"line":114,"column":19},"end":{"line":114,"column":46}},"33":{"start":{"line":119,"column":21},"end":{"line":121,"column":null}},"34":{"start":{"line":120,"column":19},"end":{"line":120,"column":67}},"35":{"start":{"line":124,"column":2},"end":{"line":137,"column":null}},"36":{"start":{"line":143,"column":2},"end":{"line":143,"column":null}}},"fnMap":{"0":{"name":"normalizeExtras","decl":{"start":{"line":7,"column":9},"end":{"line":7,"column":25}},"loc":{"start":{"line":7,"column":38},"end":{"line":14,"column":null}},"line":7},"1":{"name":"(anonymous_1)","decl":{"start":{"line":9,"column":5},"end":{"line":9,"column":10}},"loc":{"start":{"line":9,"column":21},"end":{"line":13,"column":7}},"line":9},"2":{"name":"(anonymous_2)","decl":{"start":{"line":14,"column":5},"end":{"line":14,"column":11}},"loc":{"start":{"line":14,"column":20},"end":{"line":14,"column":48}},"line":14},"3":{"name":"areExtrasEqual","decl":{"start":{"line":18,"column":9},"end":{"line":18,"column":24}},"loc":{"start":{"line":18,"column":52},"end":{"line":31,"column":null}},"line":18},"4":{"name":"(anonymous_4)","decl":{"start":{"line":24,"column":21},"end":{"line":24,"column":28}},"loc":{"start":{"line":24,"column":45},"end":{"line":31,"column":null}},"line":24},"5":{"name":"CartProvider","decl":{"start":{"line":34,"column":16},"end":{"line":34,"column":29}},"loc":{"start":{"line":34,"column":43},"end":{"line":137,"column":null}},"line":34},"6":{"name":"(anonymous_6)","decl":{"start":{"line":36,"column":36},"end":{"line":36,"column":51}},"loc":{"start":{"line":36,"column":51},"end":{"line":39,"column":null}},"line":36},"7":{"name":"(anonymous_7)","decl":{"start":{"line":42,"column":2},"end":{"line":42,"column":18}},"loc":{"start":{"line":42,"column":18},"end":{"line":44,"column":6}},"line":42},"8":{"name":"addToCart","decl":{"start":{"line":48,"column":11},"end":{"line":48,"column":21}},"loc":{"start":{"line":48,"column":30},"end":{"line":76,"column":null}},"line":48},"9":{"name":"(anonymous_9)","decl":{"start":{"line":49,"column":4},"end":{"line":49,"column":18}},"loc":{"start":{"line":49,"column":32},"end":{"line":76,"column":null}},"line":49},"10":{"name":"(anonymous_10)","decl":{"start":{"line":50,"column":37},"end":{"line":50,"column":null}},"loc":{"start":{"line":52,"column":10},"end":{"line":53,"column":65}},"line":52},"11":{"name":"(anonymous_11)","decl":{"start":{"line":57,"column":25},"end":{"line":57,"column":30}},"loc":{"start":{"line":58,"column":10},"end":{"line":61,"column":null}},"line":58},"12":{"name":"removeFromCart","decl":{"start":{"line":81,"column":11},"end":{"line":81,"column":26}},"loc":{"start":{"line":81,"column":38},"end":{"line":91,"column":null}},"line":81},"13":{"name":"(anonymous_13)","decl":{"start":{"line":82,"column":4},"end":{"line":82,"column":18}},"loc":{"start":{"line":83,"column":6},"end":{"line":90,"column":52}},"line":83},"14":{"name":"(anonymous_14)","decl":{"start":{"line":84,"column":9},"end":{"line":84,"column":14}},"loc":{"start":{"line":85,"column":10},"end":{"line":88,"column":null}},"line":85},"15":{"name":"(anonymous_15)","decl":{"start":{"line":90,"column":9},"end":{"line":90,"column":17}},"loc":{"start":{"line":90,"column":26},"end":{"line":90,"column":52}},"line":90},"16":{"name":"deleteFromCart","decl":{"start":{"line":95,"column":11},"end":{"line":95,"column":26}},"loc":{"start":{"line":95,"column":38},"end":{"line":104,"column":null}},"line":95},"17":{"name":"(anonymous_17)","decl":{"start":{"line":96,"column":4},"end":{"line":96,"column":18}},"loc":{"start":{"line":97,"column":6},"end":{"line":101,"column":null}},"line":97},"18":{"name":"(anonymous_18)","decl":{"start":{"line":97,"column":16},"end":{"line":97,"column":null}},"loc":{"start":{"line":99,"column":10},"end":{"line":101,"column":null}},"line":99},"19":{"name":"clearCart","decl":{"start":{"line":108,"column":11},"end":{"line":108,"column":23}},"loc":{"start":{"line":108,"column":23},"end":{"line":109,"column":null}},"line":108},"20":{"name":"(anonymous_20)","decl":{"start":{"line":113,"column":31},"end":{"line":113,"column":null}},"loc":{"start":{"line":114,"column":19},"end":{"line":114,"column":46}},"line":114},"21":{"name":"(anonymous_21)","decl":{"start":{"line":119,"column":31},"end":{"line":119,"column":null}},"loc":{"start":{"line":120,"column":19},"end":{"line":120,"column":67}},"line":120},"22":{"name":"useCart","decl":{"start":{"line":142,"column":16},"end":{"line":142,"column":26}},"loc":{"start":{"line":142,"column":26},"end":{"line":143,"column":null}},"line":142}},"branchMap":{"0":{"loc":{"start":{"line":7,"column":25},"end":{"line":7,"column":36}},"type":"default-arg","locations":[{"start":{"line":7,"column":34},"end":{"line":7,"column":36}}],"line":7},"1":{"loc":{"start":{"line":12,"column":12},"end":{"line":12,"column":null}},"type":"binary-expr","locations":[{"start":{"line":12,"column":12},"end":{"line":12,"column":26}},{"start":{"line":12,"column":26},"end":{"line":12,"column":null}}],"line":12},"2":{"loc":{"start":{"line":18,"column":24},"end":{"line":18,"column":36}},"type":"default-arg","locations":[{"start":{"line":18,"column":34},"end":{"line":18,"column":36}}],"line":18},"3":{"loc":{"start":{"line":18,"column":38},"end":{"line":18,"column":50}},"type":"default-arg","locations":[{"start":{"line":18,"column":48},"end":{"line":18,"column":50}}],"line":18},"4":{"loc":{"start":{"line":22,"column":2},"end":{"line":22,"column":null}},"type":"if","locations":[{"start":{"line":22,"column":2},"end":{"line":22,"column":null}},{"start":{},"end":{}}],"line":22},"5":{"loc":{"start":{"line":28,"column":6},"end":{"line":29,"column":49}},"type":"binary-expr","locations":[{"start":{"line":28,"column":6},"end":{"line":28,"column":null}},{"start":{"line":29,"column":6},"end":{"line":29,"column":49}}],"line":28},"6":{"loc":{"start":{"line":38,"column":11},"end":{"line":38,"column":49}},"type":"cond-expr","locations":[{"start":{"line":38,"column":23},"end":{"line":38,"column":44}},{"start":{"line":38,"column":47},"end":{"line":38,"column":49}}],"line":38},"7":{"loc":{"start":{"line":52,"column":10},"end":{"line":53,"column":65}},"type":"binary-expr","locations":[{"start":{"line":52,"column":10},"end":{"line":52,"column":48}},{"start":{"line":53,"column":10},"end":{"line":53,"column":65}}],"line":52},"8":{"loc":{"start":{"line":53,"column":25},"end":{"line":53,"column":42}},"type":"binary-expr","locations":[{"start":{"line":53,"column":25},"end":{"line":53,"column":40}},{"start":{"line":53,"column":40},"end":{"line":53,"column":42}}],"line":53},"9":{"loc":{"start":{"line":53,"column":44},"end":{"line":53,"column":64}},"type":"binary-expr","locations":[{"start":{"line":53,"column":44},"end":{"line":53,"column":62}},{"start":{"line":53,"column":62},"end":{"line":53,"column":64}}],"line":53},"10":{"loc":{"start":{"line":56,"column":6},"end":{"line":62,"column":null}},"type":"if","locations":[{"start":{"line":56,"column":6},"end":{"line":62,"column":null}},{"start":{},"end":{}}],"line":56},"11":{"loc":{"start":{"line":58,"column":10},"end":{"line":61,"column":null}},"type":"cond-expr","locations":[{"start":{"line":60,"column":14},"end":{"line":60,"column":null}},{"start":{"line":61,"column":14},"end":{"line":61,"column":null}}],"line":58},"12":{"loc":{"start":{"line":58,"column":10},"end":{"line":59,"column":65}},"type":"binary-expr","locations":[{"start":{"line":58,"column":10},"end":{"line":58,"column":48}},{"start":{"line":59,"column":10},"end":{"line":59,"column":65}}],"line":58},"13":{"loc":{"start":{"line":59,"column":25},"end":{"line":59,"column":42}},"type":"binary-expr","locations":[{"start":{"line":59,"column":25},"end":{"line":59,"column":40}},{"start":{"line":59,"column":40},"end":{"line":59,"column":42}}],"line":59},"14":{"loc":{"start":{"line":59,"column":44},"end":{"line":59,"column":64}},"type":"binary-expr","locations":[{"start":{"line":59,"column":44},"end":{"line":59,"column":62}},{"start":{"line":59,"column":62},"end":{"line":59,"column":64}}],"line":59},"15":{"loc":{"start":{"line":70,"column":28},"end":{"line":70,"column":63}},"type":"binary-expr","locations":[{"start":{"line":70,"column":28},"end":{"line":70,"column":49}},{"start":{"line":70,"column":49},"end":{"line":70,"column":63}}],"line":70},"16":{"loc":{"start":{"line":73,"column":34},"end":{"line":73,"column":54}},"type":"binary-expr","locations":[{"start":{"line":73,"column":34},"end":{"line":73,"column":52}},{"start":{"line":73,"column":52},"end":{"line":73,"column":54}}],"line":73},"17":{"loc":{"start":{"line":85,"column":10},"end":{"line":88,"column":null}},"type":"cond-expr","locations":[{"start":{"line":87,"column":14},"end":{"line":87,"column":null}},{"start":{"line":88,"column":14},"end":{"line":88,"column":null}}],"line":85},"18":{"loc":{"start":{"line":85,"column":10},"end":{"line":86,"column":68}},"type":"binary-expr","locations":[{"start":{"line":85,"column":10},"end":{"line":85,"column":51}},{"start":{"line":86,"column":10},"end":{"line":86,"column":68}}],"line":85},"19":{"loc":{"start":{"line":86,"column":25},"end":{"line":86,"column":42}},"type":"binary-expr","locations":[{"start":{"line":86,"column":25},"end":{"line":86,"column":40}},{"start":{"line":86,"column":40},"end":{"line":86,"column":42}}],"line":86},"20":{"loc":{"start":{"line":86,"column":44},"end":{"line":86,"column":67}},"type":"binary-expr","locations":[{"start":{"line":86,"column":44},"end":{"line":86,"column":65}},{"start":{"line":86,"column":65},"end":{"line":86,"column":67}}],"line":86},"21":{"loc":{"start":{"line":100,"column":12},"end":{"line":101,"column":70}},"type":"binary-expr","locations":[{"start":{"line":100,"column":12},"end":{"line":100,"column":53}},{"start":{"line":101,"column":12},"end":{"line":101,"column":70}}],"line":100},"22":{"loc":{"start":{"line":101,"column":27},"end":{"line":101,"column":44}},"type":"binary-expr","locations":[{"start":{"line":101,"column":27},"end":{"line":101,"column":42}},{"start":{"line":101,"column":42},"end":{"line":101,"column":44}}],"line":101},"23":{"loc":{"start":{"line":101,"column":46},"end":{"line":101,"column":69}},"type":"binary-expr","locations":[{"start":{"line":101,"column":46},"end":{"line":101,"column":67}},{"start":{"line":101,"column":67},"end":{"line":101,"column":69}}],"line":101}},"s":{"0":4,"1":14,"2":0,"3":0,"4":4,"5":4,"6":4,"7":0,"8":4,"9":0,"10":0,"11":28,"12":18,"13":18,"14":28,"15":28,"16":7,"17":7,"18":1,"19":7,"20":1,"21":1,"22":6,"23":1,"24":1,"25":1,"26":1,"27":1,"28":1,"29":1,"30":1,"31":28,"32":7,"33":28,"34":7,"35":28,"36":50},"f":{"0":14,"1":0,"2":0,"3":4,"4":0,"5":28,"6":18,"7":28,"8":7,"9":7,"10":1,"11":1,"12":1,"13":1,"14":1,"15":1,"16":1,"17":1,"18":1,"19":1,"20":7,"21":7,"22":50},"b":{"0":[14],"1":[0,0],"2":[4],"3":[4],"4":[0,4],"5":[0,0],"6":[11,7],"7":[1,1],"8":[1,0],"9":[1,0],"10":[1,6],"11":[1,0],"12":[1,1],"13":[1,0],"14":[1,0],"15":[6,0],"16":[7,0],"17":[1,0],"18":[1,1],"19":[1,0],"20":[1,0],"21":[1,1],"22":[1,0],"23":[1,0]},"meta":{"lastBranch":24,"lastFunction":23,"lastStatement":37,"seen":{"s:4:6:4:35":0,"f:7:9:7:25":0,"b:7:34:7:36":0,"s:8:2:14:Infinity":1,"f:9:5:9:10":1,"s:9:21:13:7":2,"b:12:12:12:26:12:26:12:Infinity":1,"f:14:5:14:11":2,"s:14:20:14:48":3,"f:18:9:18:24":3,"b:18:34:18:36":2,"b:18:48:18:50":3,"s:19:22:19:46":4,"s:20:22:20:46":5,"b:22:2:22:Infinity:undefined:undefined:undefined:undefined":4,"s:22:2:22:Infinity":6,"s:22:49:22:Infinity":7,"s:24:2:31:Infinity":8,"f:24:21:24:28":4,"s:25:18:25:Infinity":9,"s:27:4:29:Infinity":10,"b:28:6:28:Infinity:29:6:29:49":5,"f:34:16:34:29":5,"s:36:20:39:Infinity":11,"f:36:36:36:51":6,"s:37:22:37:55":12,"s:38:4:38:Infinity":13,"b:38:23:38:44:38:47:38:49":6,"s:42:2:44:Infinity":14,"f:42:2:42:18":7,"s:43:4:43:Infinity":15,"f:48:11:48:21":8,"s:49:4:76:Infinity":16,"f:49:4:49:18":9,"s:50:27:53:Infinity":17,"f:50:37:50:Infinity":10,"s:52:10:53:65":18,"b:52:10:52:48:53:10:53:65":7,"b:53:25:53:40:53:40:53:42":8,"b:53:44:53:62:53:62:53:64":9,"b:56:6:62:Infinity:undefined:undefined:undefined:undefined":10,"s:56:6:62:Infinity":19,"s:57:8:62:Infinity":20,"f:57:25:57:30":11,"s:58:10:61:Infinity":21,"b:60:14:60:Infinity:61:14:61:Infinity":11,"b:58:10:58:48:59:10:59:65":12,"b:59:25:59:40:59:40:59:42":13,"b:59:44:59:62:59:62:59:64":14,"s:65:6:75:Infinity":22,"b:70:28:70:49:70:49:70:63":15,"b:73:34:73:52:73:52:73:54":16,"f:81:11:81:26":12,"s:82:4:91:Infinity":23,"f:82:4:82:18":13,"s:83:6:90:52":24,"f:84:9:84:14":14,"s:85:10:88:Infinity":25,"b:87:14:87:Infinity:88:14:88:Infinity":17,"b:85:10:85:51:86:10:86:68":18,"b:86:25:86:40:86:40:86:42":19,"b:86:44:86:65:86:65:86:67":20,"f:90:9:90:17":15,"s:90:26:90:52":26,"f:95:11:95:26":16,"s:96:4:104:Infinity":27,"f:96:4:96:18":17,"s:97:6:101:Infinity":28,"f:97:16:97:Infinity":18,"s:99:10:101:Infinity":29,"b:100:12:100:53:101:12:101:70":21,"b:101:27:101:42:101:42:101:44":22,"b:101:46:101:67:101:67:101:69":23,"f:108:11:108:23":19,"s:109:4:109:Infinity":30,"s:113:21:115:Infinity":31,"f:113:31:113:Infinity":20,"s:114:19:114:46":32,"s:119:21:121:Infinity":33,"f:119:31:119:Infinity":21,"s:120:19:120:67":34,"s:124:2:137:Infinity":35,"f:142:16:142:26":22,"s:143:2:143:Infinity":36}}}
,"C:\\Users\\Feras Keyin\\OneDrive\\Desktop\\Keyin\\Semester 2\\Final Sprint 2026 - Feras Zen - Sam Higdon - Darrell Declaro - Logan Marsh\\client\\src\\pages\\ProductDetails.jsx": {"path":"C:\\Users\\Feras Keyin\\OneDrive\\Desktop\\Keyin\\Semester 2\\Final Sprint 2026 - Feras Zen - Sam Higdon - Darrell Declaro - Logan Marsh\\client\\src\\pages\\ProductDetails.jsx","statementMap":{"0":{"start":{"line":7,"column":19},"end":{"line":12,"column":null}},"1":{"start":{"line":16,"column":10},"end":{"line":16,"column":28}},"2":{"start":{"line":19,"column":8},"end":{"line":19,"column":32}},"3":{"start":{"line":22,"column":21},"end":{"line":22,"column":44}},"4":{"start":{"line":25,"column":18},"end":{"line":25,"column":46}},"5":{"start":{"line":28,"column":25},"end":{"line":28,"column":58}},"6":{"start":{"line":31,"column":19},"end":{"line":31,"column":45}},"7":{"start":{"line":34,"column":18},"end":{"line":34,"column":46}},"8":{"start":{"line":35,"column":23},"end":{"line":35,"column":54}},"9":{"start":{"line":38,"column":25},"end":{"line":38,"column":58}},"10":{"start":{"line":41,"column":2},"end":{"line":65,"column":null}},"11":{"start":{"line":43,"column":6},"end":{"line":60,"column":null}},"12":{"start":{"line":44,"column":8},"end":{"line":44,"column":null}},"13":{"start":{"line":45,"column":8},"end":{"line":45,"column":null}},"14":{"start":{"line":46,"column":8},"end":{"line":46,"column":null}},"15":{"start":{"line":48,"column":25},"end":{"line":48,"column":76}},"16":{"start":{"line":50,"column":8},"end":{"line":51,"column":null}},"17":{"start":{"line":51,"column":10},"end":{"line":51,"column":null}},"18":{"start":{"line":54,"column":21},"end":{"line":54,"column":42}},"19":{"start":{"line":55,"column":8},"end":{"line":55,"column":null}},"20":{"start":{"line":57,"column":8},"end":{"line":57,"column":null}},"21":{"start":{"line":58,"column":8},"end":{"line":58,"column":null}},"22":{"start":{"line":60,"column":8},"end":{"line":60,"column":null}},"23":{"start":{"line":64,"column":4},"end":{"line":64,"column":null}},"24":{"start":{"line":69,"column":4},"end":{"line":73,"column":null}},"25":{"start":{"line":70,"column":6},"end":{"line":72,"column":26}},"26":{"start":{"line":70,"column":26},"end":{"line":70,"column":51}},"27":{"start":{"line":71,"column":32},"end":{"line":71,"column":57}},"28":{"start":{"line":77,"column":22},"end":{"line":79,"column":null}},"29":{"start":{"line":78,"column":20},"end":{"line":78,"column":45}},"30":{"start":{"line":83,"column":21},"end":{"line":83,"column":null}},"31":{"start":{"line":86,"column":24},"end":{"line":86,"column":59}},"32":{"start":{"line":90,"column":8},"end":{"line":96,"column":21}},"33":{"start":{"line":91,"column":4},"end":{"line":95,"column":null}},"34":{"start":{"line":92,"column":6},"end":{"line":94,"column":null}},"35":{"start":{"line":99,"column":25},"end":{"line":99,"column":75}},"36":{"start":{"line":101,"column":23},"end":{"line":101,"column":null}},"37":{"start":{"line":102,"column":32},"end":{"line":102,"column":null}},"38":{"start":{"line":103,"column":24},"end":{"line":103,"column":null}},"39":{"start":{"line":104,"column":21},"end":{"line":104,"column":null}},"40":{"start":{"line":105,"column":31},"end":{"line":105,"column":null}},"41":{"start":{"line":107,"column":19},"end":{"line":107,"column":null}},"42":{"start":{"line":108,"column":19},"end":{"line":108,"column":null}},"43":{"start":{"line":110,"column":2},"end":{"line":118,"column":null}},"44":{"start":{"line":111,"column":4},"end":{"line":111,"column":null}},"45":{"start":{"line":112,"column":4},"end":{"line":112,"column":null}},"46":{"start":{"line":113,"column":13},"end":{"line":118,"column":null}},"47":{"start":{"line":114,"column":4},"end":{"line":114,"column":null}},"48":{"start":{"line":115,"column":4},"end":{"line":115,"column":null}},"49":{"start":{"line":116,"column":13},"end":{"line":118,"column":null}},"50":{"start":{"line":117,"column":4},"end":{"line":117,"column":null}},"51":{"start":{"line":118,"column":4},"end":{"line":118,"column":null}},"52":{"start":{"line":122,"column":29},"end":{"line":122,"column":null}},"53":{"start":{"line":125,"column":2},"end":{"line":134,"column":null}},"54":{"start":{"line":126,"column":4},"end":{"line":128,"column":null}},"55":{"start":{"line":127,"column":6},"end":{"line":127,"column":null}},"56":{"start":{"line":128,"column":6},"end":{"line":128,"column":null}},"57":{"start":{"line":131,"column":4},"end":{"line":132,"column":null}},"58":{"start":{"line":132,"column":6},"end":{"line":132,"column":null}},"59":{"start":{"line":138,"column":4},"end":{"line":138,"column":null}},"60":{"start":{"line":138,"column":27},"end":{"line":138,"column":68}},"61":{"start":{"line":143,"column":4},"end":{"line":143,"column":null}},"62":{"start":{"line":143,"column":27},"end":{"line":143,"column":52}},"63":{"start":{"line":148,"column":4},"end":{"line":148,"column":null}},"64":{"start":{"line":148,"column":35},"end":{"line":148,"column":null}},"65":{"start":{"line":150,"column":22},"end":{"line":162,"column":null}},"66":{"start":{"line":157,"column":45},"end":{"line":161,"column":null}},"67":{"start":{"line":164,"column":4},"end":{"line":165,"column":null}},"68":{"start":{"line":164,"column":17},"end":{"line":164,"column":20}},"69":{"start":{"line":165,"column":6},"end":{"line":165,"column":null}},"70":{"start":{"line":169,"column":6},"end":{"line":169,"column":null}},"71":{"start":{"line":171,"column":4},"end":{"line":173,"column":null}},"72":{"start":{"line":175,"column":4},"end":{"line":175,"column":null}},"73":{"start":{"line":176,"column":4},"end":{"line":176,"column":null}},"74":{"start":{"line":178,"column":4},"end":{"line":178,"column":null}},"75":{"start":{"line":179,"column":4},"end":{"line":181,"column":null}},"76":{"start":{"line":180,"column":6},"end":{"line":180,"column":null}},"77":{"start":{"line":184,"column":2},"end":{"line":483,"column":null}},"78":{"start":{"line":215,"column":20},"end":{"line":215,"column":null}},"79":{"start":{"line":259,"column":39},"end":{"line":260,"column":null}},"80":{"start":{"line":260,"column":32},"end":{"line":260,"column":null}},"81":{"start":{"line":263,"column":20},"end":{"line":279,"column":null}},"82":{"start":{"line":268,"column":39},"end":{"line":268,"column":57}},"83":{"start":{"line":288,"column":22},"end":{"line":294,"column":null}},"84":{"start":{"line":452,"column":35},"end":{"line":452,"column":53}},"85":{"start":{"line":475,"column":31},"end":{"line":475,"column":48}}},"fnMap":{"0":{"name":"ProductDetails","decl":{"start":{"line":14,"column":9},"end":{"line":14,"column":26}},"loc":{"start":{"line":14,"column":26},"end":{"line":483,"column":null}},"line":14},"1":{"name":"(anonymous_1)","decl":{"start":{"line":41,"column":2},"end":{"line":41,"column":18}},"loc":{"start":{"line":41,"column":18},"end":{"line":65,"column":6}},"line":41},"2":{"name":"fetchProduct","decl":{"start":{"line":42,"column":19},"end":{"line":42,"column":34}},"loc":{"start":{"line":42,"column":34},"end":{"line":60,"column":null}},"line":42},"3":{"name":"toggleExtra","decl":{"start":{"line":68,"column":11},"end":{"line":68,"column":23}},"loc":{"start":{"line":68,"column":30},"end":{"line":73,"column":null}},"line":68},"4":{"name":"(anonymous_4)","decl":{"start":{"line":69,"column":4},"end":{"line":69,"column":23}},"loc":{"start":{"line":70,"column":6},"end":{"line":72,"column":26}},"line":70},"5":{"name":"(anonymous_5)","decl":{"start":{"line":70,"column":11},"end":{"line":70,"column":17}},"loc":{"start":{"line":70,"column":26},"end":{"line":70,"column":51}},"line":70},"6":{"name":"(anonymous_6)","decl":{"start":{"line":71,"column":15},"end":{"line":71,"column":23}},"loc":{"start":{"line":71,"column":32},"end":{"line":71,"column":57}},"line":71},"7":{"name":"(anonymous_7)","decl":{"start":{"line":77,"column":37},"end":{"line":77,"column":null}},"loc":{"start":{"line":78,"column":20},"end":{"line":78,"column":45}},"line":78},"8":{"name":"(anonymous_8)","decl":{"start":{"line":90,"column":32},"end":{"line":90,"column":46}},"loc":{"start":{"line":90,"column":46},"end":{"line":96,"column":6}},"line":90},"9":{"name":"(anonymous_9)","decl":{"start":{"line":91,"column":21},"end":{"line":91,"column":29}},"loc":{"start":{"line":91,"column":43},"end":{"line":95,"column":9}},"line":91},"10":{"name":"(anonymous_10)","decl":{"start":{"line":125,"column":2},"end":{"line":125,"column":18}},"loc":{"start":{"line":125,"column":18},"end":{"line":134,"column":6}},"line":125},"11":{"name":"increaseQuantity","decl":{"start":{"line":137,"column":11},"end":{"line":137,"column":30}},"loc":{"start":{"line":137,"column":30},"end":{"line":138,"column":null}},"line":137},"12":{"name":"(anonymous_12)","decl":{"start":{"line":138,"column":4},"end":{"line":138,"column":17}},"loc":{"start":{"line":138,"column":27},"end":{"line":138,"column":68}},"line":138},"13":{"name":"decreaseQuantity","decl":{"start":{"line":142,"column":11},"end":{"line":142,"column":30}},"loc":{"start":{"line":142,"column":30},"end":{"line":143,"column":null}},"line":142},"14":{"name":"(anonymous_14)","decl":{"start":{"line":143,"column":4},"end":{"line":143,"column":17}},"loc":{"start":{"line":143,"column":27},"end":{"line":143,"column":52}},"line":143},"15":{"name":"handleAddToCart","decl":{"start":{"line":147,"column":11},"end":{"line":147,"column":29}},"loc":{"start":{"line":147,"column":29},"end":{"line":181,"column":null}},"line":147},"16":{"name":"(anonymous_16)","decl":{"start":{"line":157,"column":29},"end":{"line":157,"column":34}},"loc":{"start":{"line":157,"column":45},"end":{"line":161,"column":null}},"line":157},"17":{"name":"(anonymous_17)","decl":{"start":{"line":179,"column":49},"end":{"line":179,"column":66}},"loc":{"start":{"line":179,"column":66},"end":{"line":181,"column":12}},"line":179},"18":{"name":"(anonymous_18)","decl":{"start":{"line":214,"column":18},"end":{"line":214,"column":28}},"loc":{"start":{"line":214,"column":34},"end":{"line":215,"column":null}},"line":214},"19":{"name":"(anonymous_19)","decl":{"start":{"line":258,"column":30},"end":{"line":258,"column":35}},"loc":{"start":{"line":258,"column":45},"end":{"line":279,"column":null}},"line":258},"20":{"name":"(anonymous_20)","decl":{"start":{"line":259,"column":54},"end":{"line":259,"column":null}},"loc":{"start":{"line":260,"column":32},"end":{"line":260,"column":null}},"line":260},"21":{"name":"(anonymous_21)","decl":{"start":{"line":268,"column":24},"end":{"line":268,"column":39}},"loc":{"start":{"line":268,"column":39},"end":{"line":268,"column":57}},"line":268},"22":{"name":"(anonymous_22)","decl":{"start":{"line":287,"column":36},"end":{"line":287,"column":41}},"loc":{"start":{"line":288,"column":22},"end":{"line":294,"column":null}},"line":288},"23":{"name":"(anonymous_23)","decl":{"start":{"line":452,"column":20},"end":{"line":452,"column":35}},"loc":{"start":{"line":452,"column":35},"end":{"line":452,"column":53}},"line":452},"24":{"name":"(anonymous_24)","decl":{"start":{"line":475,"column":16},"end":{"line":475,"column":31}},"loc":{"start":{"line":475,"column":31},"end":{"line":475,"column":48}},"line":475}},"branchMap":{"0":{"loc":{"start":{"line":50,"column":8},"end":{"line":51,"column":null}},"type":"if","locations":[{"start":{"line":50,"column":8},"end":{"line":51,"column":null}},{"start":{},"end":{}}],"line":50},"1":{"loc":{"start":{"line":70,"column":6},"end":{"line":72,"column":26}},"type":"cond-expr","locations":[{"start":{"line":71,"column":10},"end":{"line":71,"column":57}},{"start":{"line":72,"column":10},"end":{"line":72,"column":26}}],"line":70},"2":{"loc":{"start":{"line":83,"column":21},"end":{"line":83,"column":null}},"type":"cond-expr","locations":[{"start":{"line":83,"column":31},"end":{"line":83,"column":69}},{"start":{"line":83,"column":69},"end":{"line":83,"column":null}}],"line":83},"3":{"loc":{"start":{"line":86,"column":31},"end":{"line":86,"column":59}},"type":"binary-expr","locations":[{"start":{"line":86,"column":31},"end":{"line":86,"column":57}},{"start":{"line":86,"column":57},"end":{"line":86,"column":59}}],"line":86},"4":{"loc":{"start":{"line":92,"column":13},"end":{"line":94,"column":null}},"type":"cond-expr","locations":[{"start":{"line":93,"column":10},"end":{"line":93,"column":42}},{"start":{"line":94,"column":10},"end":{"line":94,"column":null}}],"line":92},"5":{"loc":{"start":{"line":93,"column":23},"end":{"line":93,"column":42}},"type":"binary-expr","locations":[{"start":{"line":93,"column":23},"end":{"line":93,"column":40}},{"start":{"line":93,"column":40},"end":{"line":93,"column":42}}],"line":93},"6":{"loc":{"start":{"line":102,"column":32},"end":{"line":102,"column":null}},"type":"binary-expr","locations":[{"start":{"line":102,"column":32},"end":{"line":102,"column":53}},{"start":{"line":102,"column":53},"end":{"line":102,"column":null}}],"line":102},"7":{"loc":{"start":{"line":103,"column":24},"end":{"line":103,"column":null}},"type":"binary-expr","locations":[{"start":{"line":103,"column":24},"end":{"line":103,"column":40}},{"start":{"line":103,"column":40},"end":{"line":103,"column":null}}],"line":103},"8":{"loc":{"start":{"line":104,"column":21},"end":{"line":104,"column":null}},"type":"binary-expr","locations":[{"start":{"line":104,"column":21},"end":{"line":104,"column":43}},{"start":{"line":104,"column":43},"end":{"line":104,"column":null}}],"line":104},"9":{"loc":{"start":{"line":105,"column":31},"end":{"line":105,"column":null}},"type":"binary-expr","locations":[{"start":{"line":105,"column":31},"end":{"line":105,"column":61}},{"start":{"line":105,"column":61},"end":{"line":105,"column":null}}],"line":105},"10":{"loc":{"start":{"line":110,"column":2},"end":{"line":118,"column":null}},"type":"if","locations":[{"start":{"line":110,"column":2},"end":{"line":118,"column":null}},{"start":{"line":113,"column":13},"end":{"line":118,"column":null}}],"line":110},"11":{"loc":{"start":{"line":113,"column":13},"end":{"line":118,"column":null}},"type":"if","locations":[{"start":{"line":113,"column":13},"end":{"line":118,"column":null}},{"start":{"line":116,"column":13},"end":{"line":118,"column":null}}],"line":113},"12":{"loc":{"start":{"line":116,"column":13},"end":{"line":118,"column":null}},"type":"if","locations":[{"start":{"line":116,"column":13},"end":{"line":118,"column":null}},{"start":{},"end":{}}],"line":116},"13":{"loc":{"start":{"line":126,"column":4},"end":{"line":128,"column":null}},"type":"if","locations":[{"start":{"line":126,"column":4},"end":{"line":128,"column":null}},{"start":{},"end":{}}],"line":126},"14":{"loc":{"start":{"line":131,"column":4},"end":{"line":132,"column":null}},"type":"if","locations":[{"start":{"line":131,"column":4},"end":{"line":132,"column":null}},{"start":{},"end":{}}],"line":131},"15":{"loc":{"start":{"line":138,"column":27},"end":{"line":138,"column":68}},"type":"cond-expr","locations":[{"start":{"line":138,"column":51},"end":{"line":138,"column":62}},{"start":{"line":138,"column":62},"end":{"line":138,"column":68}}],"line":138},"16":{"loc":{"start":{"line":143,"column":27},"end":{"line":143,"column":52}},"type":"cond-expr","locations":[{"start":{"line":143,"column":38},"end":{"line":143,"column":49}},{"start":{"line":143,"column":49},"end":{"line":143,"column":52}}],"line":143},"17":{"loc":{"start":{"line":148,"column":4},"end":{"line":148,"column":null}},"type":"if","locations":[{"start":{"line":148,"column":4},"end":{"line":148,"column":null}},{"start":{},"end":{}}],"line":148},"18":{"loc":{"start":{"line":148,"column":8},"end":{"line":148,"column":35}},"type":"binary-expr","locations":[{"start":{"line":148,"column":8},"end":{"line":148,"column":20}},{"start":{"line":148,"column":20},"end":{"line":148,"column":35}}],"line":148},"19":{"loc":{"start":{"line":169,"column":6},"end":{"line":169,"column":null}},"type":"cond-expr","locations":[{"start":{"line":169,"column":34},"end":{"line":169,"column":78}},{"start":{"line":169,"column":78},"end":{"line":169,"column":null}}],"line":169},"20":{"loc":{"start":{"line":197,"column":9},"end":{"line":197,"column":null}},"type":"binary-expr","locations":[{"start":{"line":197,"column":9},"end":{"line":197,"column":20}},{"start":{"line":197,"column":20},"end":{"line":197,"column":null}}],"line":197},"21":{"loc":{"start":{"line":200,"column":9},"end":{"line":200,"column":null}},"type":"binary-expr","locations":[{"start":{"line":200,"column":9},"end":{"line":200,"column":21}},{"start":{"line":200,"column":21},"end":{"line":200,"column":37}},{"start":{"line":200,"column":37},"end":{"line":200,"column":null}}],"line":200},"22":{"loc":{"start":{"line":203,"column":9},"end":{"line":203,"column":null}},"type":"binary-expr","locations":[{"start":{"line":203,"column":9},"end":{"line":203,"column":21}},{"start":{"line":203,"column":21},"end":{"line":203,"column":38}},{"start":{"line":203,"column":38},"end":{"line":203,"column":50}},{"start":{"line":203,"column":50},"end":{"line":203,"column":null}}],"line":203},"23":{"loc":{"start":{"line":206,"column":9},"end":{"line":480,"column":null}},"type":"binary-expr","locations":[{"start":{"line":206,"column":9},"end":{"line":206,"column":21}},{"start":{"line":206,"column":21},"end":{"line":206,"column":38}},{"start":{"line":206,"column":38},"end":{"line":206,"column":null}},{"start":{"line":207,"column":10},"end":{"line":480,"column":null}}],"line":206},"24":{"loc":{"start":{"line":267,"column":48},"end":{"line":267,"column":null}},"type":"cond-expr","locations":[{"start":{"line":267,"column":61},"end":{"line":267,"column":72}},{"start":{"line":267,"column":72},"end":{"line":267,"column":null}}],"line":267},"25":{"loc":{"start":{"line":274,"column":35},"end":{"line":274,"column":null}},"type":"cond-expr","locations":[{"start":{"line":274,"column":51},"end":{"line":274,"column":57}},{"start":{"line":274,"column":57},"end":{"line":274,"column":null}}],"line":274},"26":{"loc":{"start":{"line":275,"column":34},"end":{"line":275,"column":null}},"type":"cond-expr","locations":[{"start":{"line":275,"column":50},"end":{"line":275,"column":66}},{"start":{"line":275,"column":66},"end":{"line":275,"column":null}}],"line":275},"27":{"loc":{"start":{"line":285,"column":17},"end":{"line":296,"column":null}},"type":"binary-expr","locations":[{"start":{"line":285,"column":17},"end":{"line":285,"column":null}},{"start":{"line":286,"column":18},"end":{"line":296,"column":null}}],"line":285},"28":{"loc":{"start":{"line":325,"column":33},"end":{"line":325,"column":null}},"type":"cond-expr","locations":[{"start":{"line":325,"column":49},"end":{"line":325,"column":55}},{"start":{"line":325,"column":55},"end":{"line":325,"column":null}}],"line":325},"29":{"loc":{"start":{"line":326,"column":32},"end":{"line":326,"column":null}},"type":"cond-expr","locations":[{"start":{"line":326,"column":48},"end":{"line":326,"column":64}},{"start":{"line":326,"column":64},"end":{"line":326,"column":null}}],"line":326},"30":{"loc":{"start":{"line":346,"column":32},"end":{"line":346,"column":null}},"type":"binary-expr","locations":[{"start":{"line":346,"column":32},"end":{"line":346,"column":49}},{"start":{"line":346,"column":49},"end":{"line":346,"column":null}}],"line":346},"31":{"loc":{"start":{"line":350,"column":26},"end":{"line":350,"column":null}},"type":"cond-expr","locations":[{"start":{"line":350,"column":66},"end":{"line":350,"column":72}},{"start":{"line":350,"column":72},"end":{"line":350,"column":null}}],"line":350},"32":{"loc":{"start":{"line":350,"column":26},"end":{"line":350,"column":66}},"type":"binary-expr","locations":[{"start":{"line":350,"column":26},"end":{"line":350,"column":43}},{"start":{"line":350,"column":43},"end":{"line":350,"column":66}}],"line":350},"33":{"loc":{"start":{"line":352,"column":26},"end":{"line":354,"column":null}},"type":"cond-expr","locations":[{"start":{"line":353,"column":30},"end":{"line":353,"column":null}},{"start":{"line":354,"column":30},"end":{"line":354,"column":null}}],"line":352},"34":{"loc":{"start":{"line":352,"column":26},"end":{"line":352,"column":null}},"type":"binary-expr","locations":[{"start":{"line":352,"column":26},"end":{"line":352,"column":43}},{"start":{"line":352,"column":43},"end":{"line":352,"column":null}}],"line":352},"35":{"loc":{"start":{"line":363,"column":17},"end":{"line":373,"column":null}},"type":"binary-expr","locations":[{"start":{"line":363,"column":17},"end":{"line":363,"column":null}},{"start":{"line":364,"column":18},"end":{"line":373,"column":null}}],"line":363},"36":{"loc":{"start":{"line":377,"column":17},"end":{"line":387,"column":null}},"type":"binary-expr","locations":[{"start":{"line":377,"column":17},"end":{"line":377,"column":null}},{"start":{"line":378,"column":18},"end":{"line":387,"column":null}}],"line":377},"37":{"loc":{"start":{"line":407,"column":17},"end":{"line":421,"column":null}},"type":"binary-expr","locations":[{"start":{"line":407,"column":17},"end":{"line":407,"column":null}},{"start":{"line":408,"column":18},"end":{"line":421,"column":null}}],"line":407},"38":{"loc":{"start":{"line":440,"column":31},"end":{"line":440,"column":null}},"type":"cond-expr","locations":[{"start":{"line":440,"column":47},"end":{"line":440,"column":53}},{"start":{"line":440,"column":53},"end":{"line":440,"column":null}}],"line":440},"39":{"loc":{"start":{"line":441,"column":30},"end":{"line":441,"column":null}},"type":"cond-expr","locations":[{"start":{"line":441,"column":46},"end":{"line":441,"column":62}},{"start":{"line":441,"column":62},"end":{"line":441,"column":null}}],"line":441},"40":{"loc":{"start":{"line":446,"column":21},"end":{"line":446,"column":null}},"type":"cond-expr","locations":[{"start":{"line":446,"column":37},"end":{"line":446,"column":53}},{"start":{"line":446,"column":53},"end":{"line":446,"column":null}}],"line":446}},"s":{"0":1,"1":14,"2":14,"3":14,"4":14,"5":14,"6":14,"7":14,"8":14,"9":14,"10":14,"11":6,"12":6,"13":6,"14":6,"15":6,"16":6,"17":0,"18":6,"19":6,"20":0,"21":0,"22":6,"23":6,"24":1,"25":1,"26":0,"27":0,"28":14,"29":1,"30":14,"31":14,"32":14,"33":7,"34":1,"35":14,"36":14,"37":14,"38":14,"39":14,"40":14,"41":14,"42":14,"43":14,"44":6,"45":6,"46":8,"47":0,"48":0,"49":8,"50":0,"51":0,"52":14,"53":14,"54":13,"55":6,"56":6,"57":7,"58":0,"59":0,"60":0,"61":0,"62":0,"63":1,"64":0,"65":1,"66":0,"67":1,"68":1,"69":1,"70":1,"71":1,"72":1,"73":1,"74":1,"75":1,"76":0,"77":14,"78":0,"79":32,"80":4,"81":32,"82":1,"83":1,"84":0,"85":0},"f":{"0":14,"1":6,"2":6,"3":1,"4":1,"5":0,"6":0,"7":1,"8":7,"9":1,"10":13,"11":0,"12":0,"13":0,"14":0,"15":1,"16":0,"17":0,"18":0,"19":32,"20":4,"21":1,"22":1,"23":0,"24":0},"b":{"0":[0,6],"1":[0,1],"2":[8,6],"3":[14,6],"4":[1,0],"5":[1,0],"6":[14,8],"7":[14,8],"8":[14,8],"9":[14,6],"10":[6,8],"11":[0,8],"12":[0,8],"13":[6,7],"14":[0,7],"15":[0,0],"16":[0,0],"17":[0,1],"18":[1,1],"19":[0,1],"20":[14,6],"21":[14,8,0],"22":[14,8,8,0],"23":[14,8,8,8],"24":[1,31],"25":[0,32],"26":[0,32],"27":[8,1],"28":[0,8],"29":[0,8],"30":[8,8],"31":[0,8],"32":[8,8],"33":[0,8],"34":[8,8],"35":[8,0],"36":[8,0],"37":[8,1],"38":[0,8],"39":[0,8],"40":[0,8]},"meta":{"lastBranch":41,"lastFunction":25,"lastStatement":86,"seen":{"s:7:19:12:Infinity":0,"f:14:9:14:26":0,"s:16:10:16:28":1,"s:19:8:19:32":2,"s:22:21:22:44":3,"s:25:18:25:46":4,"s:28:25:28:58":5,"s:31:19:31:45":6,"s:34:18:34:46":7,"s:35:23:35:54":8,"s:38:25:38:58":9,"s:41:2:65:Infinity":10,"f:41:2:41:18":1,"f:42:19:42:34":2,"s:43:6:60:Infinity":11,"s:44:8:44:Infinity":12,"s:45:8:45:Infinity":13,"s:46:8:46:Infinity":14,"s:48:25:48:76":15,"b:50:8:51:Infinity:undefined:undefined:undefined:undefined":0,"s:50:8:51:Infinity":16,"s:51:10:51:Infinity":17,"s:54:21:54:42":18,"s:55:8:55:Infinity":19,"s:57:8:57:Infinity":20,"s:58:8:58:Infinity":21,"s:60:8:60:Infinity":22,"s:64:4:64:Infinity":23,"f:68:11:68:23":3,"s:69:4:73:Infinity":24,"f:69:4:69:23":4,"s:70:6:72:26":25,"b:71:10:71:57:72:10:72:26":1,"f:70:11:70:17":5,"s:70:26:70:51":26,"f:71:15:71:23":6,"s:71:32:71:57":27,"s:77:22:79:Infinity":28,"f:77:37:77:Infinity":7,"s:78:20:78:45":29,"s:83:21:83:Infinity":30,"b:83:31:83:69:83:69:83:Infinity":2,"s:86:24:86:59":31,"b:86:31:86:57:86:57:86:59":3,"s:90:8:96:21":32,"f:90:32:90:46":8,"s:91:4:95:Infinity":33,"f:91:21:91:29":9,"s:92:6:94:Infinity":34,"b:93:10:93:42:94:10:94:Infinity":4,"b:93:23:93:40:93:40:93:42":5,"s:99:25:99:75":35,"s:101:23:101:Infinity":36,"s:102:32:102:Infinity":37,"b:102:32:102:53:102:53:102:Infinity":6,"s:103:24:103:Infinity":38,"b:103:24:103:40:103:40:103:Infinity":7,"s:104:21:104:Infinity":39,"b:104:21:104:43:104:43:104:Infinity":8,"s:105:31:105:Infinity":40,"b:105:31:105:61:105:61:105:Infinity":9,"s:107:19:107:Infinity":41,"s:108:19:108:Infinity":42,"b:110:2:118:Infinity:113:13:118:Infinity":10,"s:110:2:118:Infinity":43,"s:111:4:111:Infinity":44,"s:112:4:112:Infinity":45,"b:113:13:118:Infinity:116:13:118:Infinity":11,"s:113:13:118:Infinity":46,"s:114:4:114:Infinity":47,"s:115:4:115:Infinity":48,"b:116:13:118:Infinity:undefined:undefined:undefined:undefined":12,"s:116:13:118:Infinity":49,"s:117:4:117:Infinity":50,"s:118:4:118:Infinity":51,"s:122:29:122:Infinity":52,"s:125:2:134:Infinity":53,"f:125:2:125:18":10,"b:126:4:128:Infinity:undefined:undefined:undefined:undefined":13,"s:126:4:128:Infinity":54,"s:127:6:127:Infinity":55,"s:128:6:128:Infinity":56,"b:131:4:132:Infinity:undefined:undefined:undefined:undefined":14,"s:131:4:132:Infinity":57,"s:132:6:132:Infinity":58,"f:137:11:137:30":11,"s:138:4:138:Infinity":59,"f:138:4:138:17":12,"s:138:27:138:68":60,"b:138:51:138:62:138:62:138:68":15,"f:142:11:142:30":13,"s:143:4:143:Infinity":61,"f:143:4:143:17":14,"s:143:27:143:52":62,"b:143:38:143:49:143:49:143:52":16,"f:147:11:147:29":15,"b:148:4:148:Infinity:undefined:undefined:undefined:undefined":17,"s:148:4:148:Infinity":63,"b:148:8:148:20:148:20:148:35":18,"s:148:35:148:Infinity":64,"s:150:22:162:Infinity":65,"f:157:29:157:34":16,"s:157:45:161:Infinity":66,"s:164:4:165:Infinity":67,"s:164:17:164:20":68,"s:165:6:165:Infinity":69,"s:169:6:169:Infinity":70,"b:169:34:169:78:169:78:169:Infinity":19,"s:171:4:173:Infinity":71,"s:175:4:175:Infinity":72,"s:176:4:176:Infinity":73,"s:178:4:178:Infinity":74,"s:179:4:181:Infinity":75,"f:179:49:179:66":17,"s:180:6:180:Infinity":76,"s:184:2:483:Infinity":77,"b:197:9:197:20:197:20:197:Infinity":20,"b:200:9:200:21:200:21:200:37:200:37:200:Infinity":21,"b:203:9:203:21:203:21:203:38:203:38:203:50:203:50:203:Infinity":22,"b:206:9:206:21:206:21:206:38:206:38:206:Infinity:207:10:480:Infinity":23,"f:214:18:214:28":18,"s:215:20:215:Infinity":78,"f:258:30:258:35":19,"s:259:39:260:Infinity":79,"f:259:54:259:Infinity":20,"s:260:32:260:Infinity":80,"s:263:20:279:Infinity":81,"b:267:61:267:72:267:72:267:Infinity":24,"f:268:24:268:39":21,"s:268:39:268:57":82,"b:274:51:274:57:274:57:274:Infinity":25,"b:275:50:275:66:275:66:275:Infinity":26,"b:285:17:285:Infinity:286:18:296:Infinity":27,"f:287:36:287:41":22,"s:288:22:294:Infinity":83,"b:325:49:325:55:325:55:325:Infinity":28,"b:326:48:326:64:326:64:326:Infinity":29,"b:346:32:346:49:346:49:346:Infinity":30,"b:350:66:350:72:350:72:350:Infinity":31,"b:350:26:350:43:350:43:350:66":32,"b:353:30:353:Infinity:354:30:354:Infinity":33,"b:352:26:352:43:352:43:352:Infinity":34,"b:363:17:363:Infinity:364:18:373:Infinity":35,"b:377:17:377:Infinity:378:18:387:Infinity":36,"b:407:17:407:Infinity:408:18:421:Infinity":37,"b:440:47:440:53:440:53:440:Infinity":38,"b:441:46:441:62:441:62:441:Infinity":39,"b:446:37:446:53:446:53:446:Infinity":40,"f:452:20:452:35":23,"s:452:35:452:53":84,"f:475:16:475:31":24,"s:475:31:475:48":85}}}
}
